Using pre-set license
Built from '2021.3/staging' branch; Version is '2021.3.15f1 (e8e88683f834) revision 15263878'; Using compiler version '192829333'; Build Type 'Release'
OS: 'Windows 11  (10.0.22621) 64bit Core' Language: 'en' Physical Memory: 7876 MB
BatchMode: 1, IsHumanControllingUs: 0, StartBugReporterOnCrash: 0, Is64bit: 1, IsPro: 1

COMMAND LINE ARGUMENTS:
C:\Program Files\Unity\Hub\Editor\2021.3.15f1\Editor\Unity.exe
-adb2
-batchMode
-noUpm
-name
AssetImportWorker1
-projectPath
C:/Users/clare/Documents/Game_312/RobotRampage2023/RobotRampage
-logFile
Logs/AssetImportWorker1.log
-srvPort
53990
Successfully changed project path to: C:/Users/clare/Documents/Game_312/RobotRampage2023/RobotRampage
C:/Users/clare/Documents/Game_312/RobotRampage2023/RobotRampage
[UnityMemory] Configuration Parameters - Can be set up in boot.config
    "memorysetup-bucket-allocator-granularity=16"
    "memorysetup-bucket-allocator-bucket-count=8"
    "memorysetup-bucket-allocator-block-size=33554432"
    "memorysetup-bucket-allocator-block-count=8"
    "memorysetup-main-allocator-block-size=16777216"
    "memorysetup-thread-allocator-block-size=16777216"
    "memorysetup-gfx-main-allocator-block-size=16777216"
    "memorysetup-gfx-thread-allocator-block-size=16777216"
    "memorysetup-cache-allocator-block-size=4194304"
    "memorysetup-typetree-allocator-block-size=2097152"
    "memorysetup-profiler-bucket-allocator-granularity=16"
    "memorysetup-profiler-bucket-allocator-bucket-count=8"
    "memorysetup-profiler-bucket-allocator-block-size=33554432"
    "memorysetup-profiler-bucket-allocator-block-count=8"
    "memorysetup-profiler-allocator-block-size=16777216"
    "memorysetup-profiler-editor-allocator-block-size=1048576"
    "memorysetup-temp-allocator-size-main=16777216"
    "memorysetup-job-temp-allocator-block-size=2097152"
    "memorysetup-job-temp-allocator-block-size-background=1048576"
    "memorysetup-job-temp-allocator-reduction-small-platforms=262144"
    "memorysetup-temp-allocator-size-background-worker=32768"
    "memorysetup-temp-allocator-size-job-worker=262144"
    "memorysetup-temp-allocator-size-preload-manager=33554432"
    "memorysetup-temp-allocator-size-nav-mesh-worker=65536"
    "memorysetup-temp-allocator-size-audio-worker=65536"
    "memorysetup-temp-allocator-size-cloud-worker=32768"
    "memorysetup-temp-allocator-size-gi-baking-worker=262144"
    "memorysetup-temp-allocator-size-gfx=262144"
Player connection [23920] Host "[IP] 192.168.0.13 [Port] 0 [Flags] 2 [Guid] 3429106822 [EditorId] 3429106822 [Version] 1048832 [Id] WindowsEditor(7,LAPTOP-QAIVJGDS) [Debug] 1 [PackageName] WindowsEditor [ProjectName] Editor" joined multi-casting on [225.0.0.222:54997]...

Player connection [23920] Host "[IP] 192.168.0.13 [Port] 0 [Flags] 2 [Guid] 3429106822 [EditorId] 3429106822 [Version] 1048832 [Id] WindowsEditor(7,LAPTOP-QAIVJGDS) [Debug] 1 [PackageName] WindowsEditor [ProjectName] Editor" joined alternative multi-casting on [225.0.0.222:34997]...

Refreshing native plugins compatible for Editor in 129.39 ms, found 3 plugins.
Preloading 0 native plugins for Editor in 0.00 ms.
Initialize engine version: 2021.3.15f1 (e8e88683f834)
[Subsystems] Discovering subsystems at path C:/Program Files/Unity/Hub/Editor/2021.3.15f1/Editor/Data/Resources/UnitySubsystems
[Subsystems] Discovering subsystems at path C:/Users/clare/Documents/Game_312/RobotRampage2023/RobotRampage/Assets
GfxDevice: creating device client; threaded=0; jobified=0
Direct3D:
    Version:  Direct3D 11.0 [level 11.1]
    Renderer: Intel(R) UHD Graphics (ID=0x8a56)
    Vendor:   Intel
    VRAM:     3938 MB
    Driver:   26.20.100.7926
Initialize mono
Mono path[0] = 'C:/Program Files/Unity/Hub/Editor/2021.3.15f1/Editor/Data/Managed'
Mono path[1] = 'C:/Program Files/Unity/Hub/Editor/2021.3.15f1/Editor/Data/MonoBleedingEdge/lib/mono/unityjit-win32'
Mono config path = 'C:/Program Files/Unity/Hub/Editor/2021.3.15f1/Editor/Data/MonoBleedingEdge/etc'
Using monoOptions --debugger-agent=transport=dt_socket,embedding=1,server=y,suspend=n,address=127.0.0.1:56388
Begin MonoManager ReloadAssembly
Registering precompiled unity dll's ...
Register platform support module: C:/Program Files/Unity/Hub/Editor/2021.3.15f1/Editor/Data/PlaybackEngines/WindowsStandaloneSupport/UnityEditor.WindowsStandalone.Extensions.dll
Registered in 0.016737 seconds.
Native extension for WindowsStandalone target not found
Refreshing native plugins compatible for Editor in 114.58 ms, found 3 plugins.
Preloading 0 native plugins for Editor in 0.00 ms.
Mono: successfully reloaded assembly
- Completed reload, in  1.491 seconds
Domain Reload Profiling:
	ReloadAssembly (1492ms)
		BeginReloadAssembly (249ms)
			ExecutionOrderSort (0ms)
			DisableScriptedObjects (0ms)
			BackupInstance (0ms)
			ReleaseScriptingObjects (0ms)
			CreateAndSetChildDomain (2ms)
		EndReloadAssembly (974ms)
			LoadAssemblies (243ms)
			RebuildTransferFunctionScriptingTraits (0ms)
			SetupTypeCache (319ms)
			ReleaseScriptCaches (0ms)
			RebuildScriptCaches (47ms)
			SetupLoadedEditorAssemblies (495ms)
				LogAssemblyErrors (0ms)
				InitializePlatformSupportModulesInManaged (15ms)
				SetLoadedEditorAssemblies (0ms)
				RefreshPlugins (115ms)
				BeforeProcessingInitializeOnLoad (2ms)
				ProcessInitializeOnLoadAttributes (267ms)
				ProcessInitializeOnLoadMethodAttributes (96ms)
				AfterProcessingInitializeOnLoad (0ms)
				EditorAssembliesLoaded (0ms)
			ExecutionOrderSort2 (0ms)
			AwakeInstancesAfterBackupRestoration (0ms)
Platform modules already initialized, skipping
Registering precompiled user dll's ...
Registered in 0.016415 seconds.
Begin MonoManager ReloadAssembly
Native extension for WindowsStandalone target not found
Refreshing native plugins compatible for Editor in 1.00 ms, found 3 plugins.
Preloading 0 native plugins for Editor in 0.00 ms.
Mono: successfully reloaded assembly
- Completed reload, in  2.108 seconds
Domain Reload Profiling:
	ReloadAssembly (2110ms)
		BeginReloadAssembly (220ms)
			ExecutionOrderSort (0ms)
			DisableScriptedObjects (9ms)
			BackupInstance (0ms)
			ReleaseScriptingObjects (0ms)
			CreateAndSetChildDomain (35ms)
		EndReloadAssembly (1648ms)
			LoadAssemblies (288ms)
			RebuildTransferFunctionScriptingTraits (0ms)
			SetupTypeCache (552ms)
			ReleaseScriptCaches (1ms)
			RebuildScriptCaches (83ms)
			SetupLoadedEditorAssemblies (674ms)
				LogAssemblyErrors (0ms)
				InitializePlatformSupportModulesInManaged (7ms)
				SetLoadedEditorAssemblies (1ms)
				RefreshPlugins (1ms)
				BeforeProcessingInitializeOnLoad (130ms)
				ProcessInitializeOnLoadAttributes (457ms)
				ProcessInitializeOnLoadMethodAttributes (65ms)
				AfterProcessingInitializeOnLoad (12ms)
				EditorAssembliesLoaded (1ms)
			ExecutionOrderSort2 (0ms)
			AwakeInstancesAfterBackupRestoration (16ms)
Platform modules already initialized, skipping
========================================================================
Worker process is ready to serve import requests
Launched and connected shader compiler UnityShaderCompiler.exe after 0.14 seconds
Refreshing native plugins compatible for Editor in 0.84 ms, found 3 plugins.
Preloading 0 native plugins for Editor in 0.00 ms.
Unloading 3230 Unused Serialized files (Serialized files now loaded: 0)
Unloading 24 unused Assets / (56.0 KB). Loaded Objects now: 3690.
Memory consumption went from 111.0 MB to 111.0 MB.
Total: 4.172200 ms (FindLiveObjects: 0.339100 ms CreateObjectMapping: 0.225800 ms MarkObjects: 3.501000 ms  DeleteObjects: 0.104500 ms)

AssetImportParameters requested are different than current active one (requested -> active):
  custom:video-decoder-ogg-theora: a1e56fd34408186e4bbccfd4996cb3dc -> 
  custom:container-muxer-webm: aa71ff27fc2769a1b78a27578f13a17b -> 
  custom:container-demuxer-webm: 4f35f7cbe854078d1ac9338744f61a02 -> 
  custom:video-encoder-webm-vp8: eb34c28f22e8b96e1ab97ce403110664 -> 
  custom:audio-encoder-webm-vorbis: bf7c407c2cedff20999df2af8eb42d56 -> 
  custom:framework-win-MediaFoundation: 216162199b28c13a410421893ffa2e32 -> 
  custom:container-demuxer-ogg: 62fdf1f143b41e24485cea50d1cbac27 -> 
  custom:video-decoder-webm-vp8: 9c59270c3fd7afecdb556c50c9e8de78 -> 
  custom:audio-decoder-ogg-vorbis: bf7c407c2cedff20999df2af8eb42d56 -> 
========================================================================
Received Import Request.
  Time since last request: 650407.636456 seconds.
  path: ProjectSettings/TagManager.asset
  artifactKey: Guid(00000000000000003000000000000000) Importer(815301076,1909f56bfc062723c751e8b465ee728b)
Start importing ProjectSettings/TagManager.asset using Guid(00000000000000003000000000000000) Importer(815301076,1909f56bfc062723c751e8b465ee728b)  -> (artifact id: '267c9ac2f437c7873aa9df4992f67169') in 0.095230 seconds 
========================================================================
Received Import Request.
  Time since last request: 162.115219 seconds.
  path: Assets/Sounds/critHit.aiff
  artifactKey: Guid(eaf057cdcbb2aba49a13e6184abe7fa5) Importer(815301076,1909f56bfc062723c751e8b465ee728b)
Start importing Assets/Sounds/critHit.aiff using Guid(eaf057cdcbb2aba49a13e6184abe7fa5) Importer(815301076,1909f56bfc062723c751e8b465ee728b)  -> (artifact id: '24d557bbf2c830a9e5cb21faa4511044') in 0.181020 seconds 
========================================================================
Received Import Request.
  Time since last request: 0.000085 seconds.
  path: Assets/Sounds/deadRobot.ogg
  artifactKey: Guid(dcafca2c8c84659449cec173016e2e69) Importer(815301076,1909f56bfc062723c751e8b465ee728b)
Start importing Assets/Sounds/deadRobot.ogg using Guid(dcafca2c8c84659449cec173016e2e69) Importer(815301076,1909f56bfc062723c751e8b465ee728b)  -> (artifact id: '381ecc085a976755e7a4920103a2fad0') in 0.057919 seconds 
========================================================================
Received Import Request.
  Time since last request: 0.000099 seconds.
  path: Assets/Sounds/itemPickup.ogg
  artifactKey: Guid(536a7e3f9fa08f64991a67e5d44ee12d) Importer(815301076,1909f56bfc062723c751e8b465ee728b)
Start importing Assets/Sounds/itemPickup.ogg using Guid(536a7e3f9fa08f64991a67e5d44ee12d) Importer(815301076,1909f56bfc062723c751e8b465ee728b)  -> (artifact id: '185621aa455a7cd78785ea7a788b29b4') in 0.074308 seconds 
========================================================================
Received Import Request.
  Time since last request: 0.000049 seconds.
  path: Assets/Sounds/pistolShot.ogg
  artifactKey: Guid(fc35b99cc2f26e042a912e28beb77816) Importer(815301076,1909f56bfc062723c751e8b465ee728b)
Start importing Assets/Sounds/pistolShot.ogg using Guid(fc35b99cc2f26e042a912e28beb77816) Importer(815301076,1909f56bfc062723c751e8b465ee728b)  -> (artifact id: '17b2165fa61e4a29a229601581aeebfe') in 0.068598 seconds 
========================================================================
Received Import Request.
  Time since last request: 0.000592 seconds.
  path: Assets/Sounds/playerDead.ogg
  artifactKey: Guid(983dd08a3b0a227428f234793d1203b2) Importer(815301076,1909f56bfc062723c751e8b465ee728b)
Start importing Assets/Sounds/playerDead.ogg using Guid(983dd08a3b0a227428f234793d1203b2) Importer(815301076,1909f56bfc062723c751e8b465ee728b)  -> (artifact id: '77a1c8ffd40e908ebb03647b4fef168f') in 0.065967 seconds 
========================================================================
Received Import Request.
  Time since last request: 0.000062 seconds.
  path: Assets/Sounds/weakHit.wav
  artifactKey: Guid(7efdedc2dd48787489f43bb54ea2b443) Importer(815301076,1909f56bfc062723c751e8b465ee728b)
Start importing Assets/Sounds/weakHit.wav using Guid(7efdedc2dd48787489f43bb54ea2b443) Importer(815301076,1909f56bfc062723c751e8b465ee728b)  -> (artifact id: '87cf2989082bb2bef272156abf812e65') in 0.079645 seconds 
========================================================================
Received Import Request.
  Time since last request: 7.059790 seconds.
  path: Assets/Resources/BlueRobot.prefab
  artifactKey: Guid(dfdbe8e902e4c764986125cb5abd918c) Importer(815301076,1909f56bfc062723c751e8b465ee728b)
Start importing Assets/Resources/BlueRobot.prefab using Guid(dfdbe8e902e4c764986125cb5abd918c) Importer(815301076,1909f56bfc062723c751e8b465ee728b)  -> (artifact id: 'e0b5311396e7cc6b5ed2ed5c90b34906') in 0.167286 seconds 
========================================================================
Received Import Request.
  Time since last request: 0.000069 seconds.
  path: Assets/Resources/PickupHealth.prefab
  artifactKey: Guid(f5e95b12a937f0d4995d12cf6a35495a) Importer(815301076,1909f56bfc062723c751e8b465ee728b)
Start importing Assets/Resources/PickupHealth.prefab using Guid(f5e95b12a937f0d4995d12cf6a35495a) Importer(815301076,1909f56bfc062723c751e8b465ee728b)  -> (artifact id: '5e16033e33236a576864b790b85445b7') in 0.078595 seconds 
========================================================================
Received Import Request.
  Time since last request: 0.000144 seconds.
  path: Assets/Resources/RobotRampageTitle.prefab
  artifactKey: Guid(3c3824acc2aa69f4b892c604ccf56166) Importer(815301076,1909f56bfc062723c751e8b465ee728b)
Start importing Assets/Resources/RobotRampageTitle.prefab using Guid(3c3824acc2aa69f4b892c604ccf56166) Importer(815301076,1909f56bfc062723c751e8b465ee728b)  -> (artifact id: '6fbfbd7ac1e6aedb32da0d6da16e48ad') in 0.073594 seconds 
========================================================================
Received Import Request.
  Time since last request: 0.000070 seconds.
  path: Assets/Resources/PickupAmmoPistol.prefab
  artifactKey: Guid(940aaf910dbb38a48b630d4a7f743587) Importer(815301076,1909f56bfc062723c751e8b465ee728b)
Start importing Assets/Resources/PickupAmmoPistol.prefab using Guid(940aaf910dbb38a48b630d4a7f743587) Importer(815301076,1909f56bfc062723c751e8b465ee728b)  -> (artifact id: 'f8210f97e57e5a1bde828e2b2360a210') in 0.067352 seconds 
========================================================================
Received Import Request.
  Time since last request: 0.000087 seconds.
  path: Assets/Resources/YellowRobot.prefab
  artifactKey: Guid(d46c9d37ec808be45be665aeadd68629) Importer(815301076,1909f56bfc062723c751e8b465ee728b)
Start importing Assets/Resources/YellowRobot.prefab using Guid(d46c9d37ec808be45be665aeadd68629) Importer(815301076,1909f56bfc062723c751e8b465ee728b)  -> (artifact id: 'e9a4f27f621ea5ce0a82658014ccd714') in 0.095050 seconds 
========================================================================
Received Import Request.
  Time since last request: 0.000037 seconds.
  path: Assets/Resources/RedRobot.prefab
  artifactKey: Guid(a6274e245433be044b0df9ffc907c5ed) Importer(815301076,1909f56bfc062723c751e8b465ee728b)
Start importing Assets/Resources/RedRobot.prefab using Guid(a6274e245433be044b0df9ffc907c5ed) Importer(815301076,1909f56bfc062723c751e8b465ee728b)  -> (artifact id: 'dd3f83f7f3712c27110d15182116ad8d') in 0.078759 seconds 
========================================================================
Received Import Request.
  Time since last request: 0.000100 seconds.
  path: Assets/Resources/RobotMissileBlue.prefab
  artifactKey: Guid(9976923b00f0fd34a98bc13985b75759) Importer(815301076,1909f56bfc062723c751e8b465ee728b)
Start importing Assets/Resources/RobotMissileBlue.prefab using Guid(9976923b00f0fd34a98bc13985b75759) Importer(815301076,1909f56bfc062723c751e8b465ee728b)  -> (artifact id: '28c6559c465d0339e24d597e56049f12') in 0.086338 seconds 
